  DllMain.cpp
  MathUtil.cpp
  MinHook.cpp
  buffer.cpp
  hde32.cpp
  hde64.cpp
  hook.cpp
  pstdint.cpp
  table64.cpp
  trampoline.cpp
  NameGenerator.cpp
  QuickStart.cpp
  Util.cpp
..\..\..\source\DevKit_DLL\src\Util.cpp(518): warning C4244: '=' : conversion from 'float' to 'char', possible loss of data
..\..\..\source\DevKit_DLL\src\Util.cpp(519): warning C4244: '=' : conversion from 'float' to 'char', possible loss of data
..\..\..\source\DevKit_DLL\src\Util.cpp(520): warning C4244: '=' : conversion from 'int' to 'float', possible loss of data
..\..\..\source\DevKit_DLL\src\Util.cpp(521): warning C4244: '=' : conversion from 'int' to 'float', possible loss of data
..\..\..\source\DevKit_DLL\src\Util.cpp(527): warning C4244: '=' : conversion from 'int' to 'float', possible loss of data
..\..\..\source\DevKit_DLL\src\Util.cpp(528): warning C4244: '=' : conversion from 'int' to 'float', possible loss of data
..\..\..\source\DevKit_DLL\src\Util.cpp(546): warning C4244: '=' : conversion from 'int' to 'float', possible loss of data
..\..\..\source\DevKit_DLL\src\Util.cpp(547): warning C4244: '=' : conversion from 'int' to 'float', possible loss of data
..\..\..\source\DevKit_DLL\src\Util.cpp(1081): warning C4018: '<' : signed/unsigned mismatch
  CGame_Hook.cpp
  GFXVideo3d_Hook.cpp
  Hooks.cpp
  WndProc_Hook.cpp
  About.cpp
  CharacterData.cpp
  CircleDrawTool.cpp
..\..\..\source\DevKit_DLL\src\imgui_windows\CircleDrawTool.cpp(30): warning C4244: 'argument' : conversion from 'int' to 'float', possible loss of data
..\..\..\source\DevKit_DLL\src\imgui_windows\CircleDrawTool.cpp(30): warning C4244: 'argument' : conversion from 'int' to 'float', possible loss of data
  Generating Code...
  Compiling...
  ColorPicker.cpp
..\..\..\source\DevKit_DLL\src\imgui_windows\ColorPicker.cpp(29): warning C4244: 'argument' : conversion from 'int' to 'float', possible loss of data
..\..\..\source\DevKit_DLL\src\imgui_windows\ColorPicker.cpp(29): warning C4244: 'argument' : conversion from 'int' to 'float', possible loss of data
  EntityExplorer.cpp
  ErrorMessageTool.cpp
  FPSViewer.cpp
..\..\..\source\DevKit_DLL\src\imgui_windows\FPSViewer.cpp(28): warning C4244: 'argument' : conversion from 'int' to 'float', possible loss of data
..\..\..\source\DevKit_DLL\src\imgui_windows\FPSViewer.cpp(28): warning C4244: 'argument' : conversion from 'int' to 'float', possible loss of data
  ImGui_Windows.cpp
..\..\..\source\DevKit_DLL\src\imgui_windows\ImGui_Windows.cpp(459): warning C4244: '=' : conversion from 'time_t' to 'unsigned long', possible loss of data
  InterfaceDebugger.cpp
  InterfaceTree.cpp
  Inventory.cpp
  ItemData.cpp
  NavMeshTool.cpp
  NotificationTool.cpp
  PartyInfo.cpp
  PetFilter.cpp
  ProcessViewer.cpp
  SoundTool.cpp
..\..\..\source\DevKit_DLL\src\imgui_windows\SoundTool.cpp(69): warning C4018: '>=' : signed/unsigned mismatch
  SystemMessage.cpp
  Generating Code...
LINK : warning LNK4044: unrecognized option '/DYNAMICBASE'; ignored
LINK : warning LNK4044: unrecognized option '/DYNAMICBASE'; ignored
     Creating library C:/Users/Mohamed Montaser/Desktop/sro_devkit v2.6.5/BinOut/RelWithDebInfo/RelWithDebInfo/DevKit_DLL.lib and object C:/Users/Mohamed Montaser/Desktop/sro_devkit v2.6.5/BinOut/RelWithDebInfo/RelWithDebInfo/DevKit_DLL.exp
detours.lib(detours.obj) : warning LNK4099: PDB 'detours.pdb' was not found with 'C:/Users/Mohamed Montaser/Desktop/sro_devkit v2.6.5/source/libs/ClientLib/src/Detours/Lib\detours.lib' or at 'C:\Users\Mohamed Montaser\Desktop\sro_devkit v2.6.5\BinOut\RelWithDebInfo\RelWithDebInfo\detours.pdb'; linking object as if no debug info
detours.lib(modules.obj) : warning LNK4099: PDB 'detours.pdb' was not found with 'C:/Users/Mohamed Montaser/Desktop/sro_devkit v2.6.5/source/libs/ClientLib/src/Detours/Lib\detours.lib' or at 'C:\Users\Mohamed Montaser\Desktop\sro_devkit v2.6.5\BinOut\RelWithDebInfo\RelWithDebInfo\detours.pdb'; linking object as if no debug info
detours.lib(disasm.obj) : warning LNK4099: PDB 'detours.pdb' was not found with 'C:/Users/Mohamed Montaser/Desktop/sro_devkit v2.6.5/source/libs/ClientLib/src/Detours/Lib\detours.lib' or at 'C:\Users\Mohamed Montaser\Desktop\sro_devkit v2.6.5\BinOut\RelWithDebInfo\RelWithDebInfo\detours.pdb'; linking object as if no debug info
  DevKit_DLL.vcxproj -> C:\Users\Mohamed Montaser\Desktop\sro_devkit v2.6.5\BinOut\RelWithDebInfo\RelWithDebInfo\DevKit_DLL.dll
