  Building Custom Rule C:/Users/Mohamed Montaser/Desktop/sro_devkit v2.6.5/source/libs/GFXMainFrame/CMakeLists.txt
  GFXMainFrame.cpp
c:\users\mohamed montaser\desktop\sro_devkit v2.6.5\source\libs\gfxmainframe\src\gfxmainframe\GWndBase.h(203): error C2118: negative subscript
          c:\users\mohamed montaser\desktop\sro_devkit v2.6.5\source\libs\gfxmainframe\src\gfxmainframe\GWndBase.h(206) : see reference to class template instantiation 'CGWndBase::TestFixture<T>' being compiled
          with
          [
              T=CGWndBase
          ]
c:\users\mohamed montaser\desktop\sro_devkit v2.6.5\source\libs\gfxmainframe\src\gfxmainframe\Process.h(49): error C2118: negative subscript
          c:\users\mohamed montaser\desktop\sro_devkit v2.6.5\source\libs\gfxmainframe\src\gfxmainframe\Process.h(60) : see reference to class template instantiation 'CProcess::TestFixture<T>' being compiled
          with
          [
              T=CProcess
          ]
c:\users\mohamed montaser\desktop\sro_devkit v2.6.5\source\libs\gfxmainframe\src\gfxmainframe\Process.h(50): error C2118: negative subscript
c:\users\mohamed montaser\desktop\sro_devkit v2.6.5\source\libs\gfxmainframe\src\gfxmainframe\Process.h(51): error C2118: negative subscript
c:\users\mohamed montaser\desktop\sro_devkit v2.6.5\source\libs\gfxmainframe\src\gfxmainframe\Process.h(52): error C2118: negative subscript
c:\users\mohamed montaser\desktop\sro_devkit v2.6.5\source\libs\gfxmainframe\src\gfxmainframe\Process.h(53): error C2118: negative subscript
c:\users\mohamed montaser\desktop\sro_devkit v2.6.5\source\libs\gfxmainframe\src\gfxmainframe\Process.h(54): error C2118: negative subscript
c:\users\mohamed montaser\desktop\sro_devkit v2.6.5\source\libs\gfxmainframe\src\gfxmainframe\Process.h(55): error C2118: negative subscript
c:\users\mohamed montaser\desktop\sro_devkit v2.6.5\source\libs\gfxmainframe\src\gfxmainframe\Process.h(56): error C2118: negative subscript
  GWnd.cpp
c:\users\mohamed montaser\desktop\sro_devkit v2.6.5\source\libs\gfxmainframe\src\gfxmainframe\GWndBase.h(203): error C2118: negative subscript
          c:\users\mohamed montaser\desktop\sro_devkit v2.6.5\source\libs\gfxmainframe\src\gfxmainframe\GWndBase.h(206) : see reference to class template instantiation 'CGWndBase::TestFixture<T>' being compiled
          with
          [
              T=CGWndBase
          ]
  GWndBase.cpp
c:\users\mohamed montaser\desktop\sro_devkit v2.6.5\source\libs\gfxmainframe\src\gfxmainframe\GWndBase.h(203): error C2118: negative subscript
          c:\users\mohamed montaser\desktop\sro_devkit v2.6.5\source\libs\gfxmainframe\src\gfxmainframe\GWndBase.h(206) : see reference to class template instantiation 'CGWndBase::TestFixture<T>' being compiled
          with
          [
              T=CGWndBase
          ]
  Process.cpp
c:\users\mohamed montaser\desktop\sro_devkit v2.6.5\source\libs\gfxmainframe\src\gfxmainframe\GWndBase.h(203): error C2118: negative subscript
          c:\users\mohamed montaser\desktop\sro_devkit v2.6.5\source\libs\gfxmainframe\src\gfxmainframe\GWndBase.h(206) : see reference to class template instantiation 'CGWndBase::TestFixture<T>' being compiled
          with
          [
              T=CGWndBase
          ]
c:\users\mohamed montaser\desktop\sro_devkit v2.6.5\source\libs\gfxmainframe\src\gfxmainframe\Process.h(49): error C2118: negative subscript
          c:\users\mohamed montaser\desktop\sro_devkit v2.6.5\source\libs\gfxmainframe\src\gfxmainframe\Process.h(60) : see reference to class template instantiation 'CProcess::TestFixture<T>' being compiled
          with
          [
              T=CProcess
          ]
c:\users\mohamed montaser\desktop\sro_devkit v2.6.5\source\libs\gfxmainframe\src\gfxmainframe\Process.h(50): error C2118: negative subscript
c:\users\mohamed montaser\desktop\sro_devkit v2.6.5\source\libs\gfxmainframe\src\gfxmainframe\Process.h(51): error C2118: negative subscript
c:\users\mohamed montaser\desktop\sro_devkit v2.6.5\source\libs\gfxmainframe\src\gfxmainframe\Process.h(52): error C2118: negative subscript
c:\users\mohamed montaser\desktop\sro_devkit v2.6.5\source\libs\gfxmainframe\src\gfxmainframe\Process.h(53): error C2118: negative subscript
c:\users\mohamed montaser\desktop\sro_devkit v2.6.5\source\libs\gfxmainframe\src\gfxmainframe\Process.h(54): error C2118: negative subscript
c:\users\mohamed montaser\desktop\sro_devkit v2.6.5\source\libs\gfxmainframe\src\gfxmainframe\Process.h(55): error C2118: negative subscript
c:\users\mohamed montaser\desktop\sro_devkit v2.6.5\source\libs\gfxmainframe\src\gfxmainframe\Process.h(56): error C2118: negative subscript
  Camera.cpp
  Controler.cpp
c:\users\mohamed montaser\desktop\sro_devkit v2.6.5\source\libs\gfxmainframe\src\gfxmainframe\Controler.h(174): error C2118: negative subscript
          c:\users\mohamed montaser\desktop\sro_devkit v2.6.5\source\libs\gfxmainframe\src\gfxmainframe\Controler.h(188) : see reference to class template instantiation 'CControler::TestFixture<T>' being compiled
          with
          [
              T=CControler
          ]
c:\users\mohamed montaser\desktop\sro_devkit v2.6.5\source\libs\gfxmainframe\src\gfxmainframe\Controler.h(175): error C2118: negative subscript
c:\users\mohamed montaser\desktop\sro_devkit v2.6.5\source\libs\gfxmainframe\src\gfxmainframe\Controler.h(176): error C2118: negative subscript
c:\users\mohamed montaser\desktop\sro_devkit v2.6.5\source\libs\gfxmainframe\src\gfxmainframe\Controler.h(177): error C2118: negative subscript
c:\users\mohamed montaser\desktop\sro_devkit v2.6.5\source\libs\gfxmainframe\src\gfxmainframe\Controler.h(178): error C2118: negative subscript
c:\users\mohamed montaser\desktop\sro_devkit v2.6.5\source\libs\gfxmainframe\src\gfxmainframe\Controler.h(179): error C2118: negative subscript
c:\users\mohamed montaser\desktop\sro_devkit v2.6.5\source\libs\gfxmainframe\src\gfxmainframe\Controler.h(180): error C2118: negative subscript
c:\users\mohamed montaser\desktop\sro_devkit v2.6.5\source\libs\gfxmainframe\src\gfxmainframe\Controler.h(181): error C2118: negative subscript
c:\users\mohamed montaser\desktop\sro_devkit v2.6.5\source\libs\gfxmainframe\src\gfxmainframe\Controler.h(182): error C2118: negative subscript
c:\users\mohamed montaser\desktop\sro_devkit v2.6.5\source\libs\gfxmainframe\src\gfxmainframe\Controler.h(183): error C2118: negative subscript
c:\users\mohamed montaser\desktop\sro_devkit v2.6.5\source\libs\gfxmainframe\src\gfxmainframe\Controler.h(184): error C2118: negative subscript
  Generating Code...
